<?xml version="1.0" encoding="UTF-8"?>
<!-- Generated by org.testng.reporters.JUnitReportReporter -->
<testsuite hostname="DESKTOP-T2U3IFN" failures="0" tests="1" name="testcases.LoginTest" time="1.528" errors="0" timestamp="2025-08-05T19:12:27 IST" skipped="0">
  <testcase classname="testcases.LoginTest" name="validateLogin" time="1.528"/>
</testsuite> <!-- testcases.LoginTest -->
