<?xml version="1.0" encoding="UTF-8"?>
<!-- Generated by org.testng.reporters.JUnitReportReporter -->
<testsuite hostname="DESKTOP-T2U3IFN" failures="0" tests="2" name="testcases.DashboardTest" time="1.326" errors="0" timestamp="2025-08-05T19:12:27 IST" skipped="0">
  <testcase classname="testcases.DashboardTest" name="addDetails" time="0.852"/>
  <testcase classname="testcases.DashboardTest" name="addAddress" time="0.474"/>
</testsuite> <!-- testcases.DashboardTest -->
